SF:lib/src/interceptors/update_interceptor.dart
DA:22,1
DA:24,2
DA:26,2
DA:32,0
DA:34,0
DA:35,0
DA:38,0
LF:7
LH:3
end_of_record
SF:lib/src/dio_service.dart
DA:9,1
DA:13,1
DA:14,5
DA:16,3
DA:17,3
DA:19,3
DA:20,1
DA:22,0
LF:8
LH:7
end_of_record
SF:lib/src/exceptions/app_http_client_exception.dart
DA:28,3
DA:34,1
DA:35,3
DA:36,1
DA:40,2
DA:41,1
DA:42,2
DA:47,2
DA:49,2
DA:56,4
DA:71,1
DA:74,1
DA:85,1
DA:89,1
DA:101,2
DA:112,1
DA:113,1
DA:116,1
LF:18
LH:18
end_of_record
SF:lib/src/interceptors/dio_error_interceptor.dart
DA:21,2
DA:28,2
DA:30,2
DA:31,2
DA:32,1
DA:37,2
DA:38,2
DA:39,2
DA:40,1
DA:45,2
DA:48,1
DA:49,1
DA:52,1
DA:54,2
DA:55,1
DA:57,1
DA:58,1
DA:61,2
DA:62,2
LF:19
LH:19
end_of_record
SF:lib/src/utils/dio_http_overrides.dart
DA:4,1
DA:10,0
DA:13,0
DA:15,0
DA:16,0
DA:17,0
DA:18,0
LF:7
LH:1
end_of_record
